Android/dConnectDeviceRobotArm/plugin/build/outputs/logs/manifest-merger-debug-report.txt
-- Merging decision tree log ---
manifest
ADDED from src/main/AndroidManifest.xml:1:1-55:12
INJECTED from src/main/AndroidManifest.xml:1:1-55:12
INJECTED from src/main/AndroidManifest.xml:1:1-55:12
INJECTED from src/main/AndroidManifest.xml:1:1-55:12
MERGED from [org.deviceconnect:dconnect-device-plugin-sdk:2.5.2] AndroidManifest.xml:2:1-38:12
MERGED from [org.deviceconnect:dconnect-sdk-for-android:2.3.0] AndroidManifest.xml:2:1-18:12
MERGED from [com.android.support:support-v4:26.1.0] AndroidManifest.xml:17:1-31:12
MERGED from [com.android.support:support-media-compat:26.1.0] AndroidManifest.xml:17:1-31:12
MERGED from [com.android.support:support-fragment:26.1.0] AndroidManifest.xml:17:1-31:12
MERGED from [com.android.support:support-core-utils:26.1.0] AndroidManifest.xml:17:1-31:12
MERGED from [com.android.support:support-core-ui:26.1.0] AndroidManifest.xml:17:1-31:12
MERGED from [com.android.support:support-compat:26.1.0] AndroidManifest.xml:17:1-31:12
MERGED from [android.arch.lifecycle:runtime:1.0.0] AndroidManifest.xml:17:1-30:12
INJECTED from src/main/AndroidManifest.xml:1:1-55:12
INJECTED from src/main/AndroidManifest.xml:1:1-55:12
INJECTED from src/main/AndroidManifest.xml:1:1-55:12
	package
		ADDED from src/main/AndroidManifest.xml:3:5-62
		INJECTED from src/main/AndroidManifest.xml
		INJECTED from src/main/AndroidManifest.xml
	android:versionName
		INJECTED from src/main/AndroidManifest.xml
		ADDED from src/main/AndroidManifest.xml:1:1-55:12
		INJECTED from src/main/AndroidManifest.xml
	android:versionCode
		INJECTED from src/main/AndroidManifest.xml
		ADDED from src/main/AndroidManifest.xml:1:1-55:12
		INJECTED from src/main/AndroidManifest.xml
	xmlns:android
		ADDED from src/main/AndroidManifest.xml:2:5-63
application
ADDED from src/main/AndroidManifest.xml:5:5-53:19
MERGED from [org.deviceconnect:dconnect-device-plugin-sdk:2.5.2] AndroidManifest.xml:11:5-36:19
MERGED from [org.deviceconnect:dconnect-device-plugin-sdk:2.5.2] AndroidManifest.xml:11:5-36:19
MERGED from [org.deviceconnect:dconnect-sdk-for-android:2.3.0] AndroidManifest.xml:11:5-16:19
MERGED from [org.deviceconnect:dconnect-sdk-for-android:2.3.0] AndroidManifest.xml:11:5-16:19
MERGED from [com.android.support:support-v4:26.1.0] AndroidManifest.xml:25:5-29:19
MERGED from [com.android.support:support-v4:26.1.0] AndroidManifest.xml:25:5-29:19
MERGED from [com.android.support:support-media-compat:26.1.0] AndroidManifest.xml:25:5-29:19
MERGED from [com.android.support:support-media-compat:26.1.0] AndroidManifest.xml:25:5-29:19
MERGED from [com.android.support:support-fragment:26.1.0] AndroidManifest.xml:25:5-29:19
MERGED from [com.android.support:support-fragment:26.1.0] AndroidManifest.xml:25:5-29:19
MERGED from [com.android.support:support-core-utils:26.1.0] AndroidManifest.xml:25:5-29:19
MERGED from [com.android.support:support-core-utils:26.1.0] AndroidManifest.xml:25:5-29:19
MERGED from [com.android.support:support-core-ui:26.1.0] AndroidManifest.xml:25:5-29:19
MERGED from [com.android.support:support-core-ui:26.1.0] AndroidManifest.xml:25:5-29:19
MERGED from [com.android.support:support-compat:26.1.0] AndroidManifest.xml:25:5-29:19
MERGED from [com.android.support:support-compat:26.1.0] AndroidManifest.xml:25:5-29:19
MERGED from [android.arch.lifecycle:runtime:1.0.0] AndroidManifest.xml:24:5-28:19
MERGED from [android.arch.lifecycle:runtime:1.0.0] AndroidManifest.xml:24:5-28:19
	android:label
		ADDED from src/main/AndroidManifest.xml:8:9-41
	android:icon
		ADDED from src/main/AndroidManifest.xml:7:9-45
	android:allowBackup
		ADDED from src/main/AndroidManifest.xml:6:9-35
	android:theme
		ADDED from src/main/AndroidManifest.xml:9:9-40
uses-library#com.google.android.things
ADDED from src/main/AndroidManifest.xml:10:9-66
	android:name
		ADDED from src/main/AndroidManifest.xml:10:23-63
service#org.deviceconnect.android.deviceplugin.robotarm.MyMessageService
ADDED from src/main/AndroidManifest.xml:13:9-19:19
	android:exported
		ADDED from src/main/AndroidManifest.xml:15:13-36
	android:name
		ADDED from src/main/AndroidManifest.xml:14:13-45
meta-data#org.deviceconnect.android.deviceplugin
ADDED from src/main/AndroidManifest.xml:16:13-18:90
	android:resource
		ADDED from src/main/AndroidManifest.xml:18:17-88
	android:name
		ADDED from src/main/AndroidManifest.xml:17:17-70
receiver#org.deviceconnect.android.deviceplugin.robotarm.MyMessageServiceProvider
ADDED from src/main/AndroidManifest.xml:26:9-43:20
	android:enabled
		ADDED from src/main/AndroidManifest.xml:28:13-35
	android:exported
		ADDED from src/main/AndroidManifest.xml:29:13-36
	android:name
		ADDED from src/main/AndroidManifest.xml:27:13-53
intent-filter#action:name:android.intent.action.PACKAGE_FULLY_REMOVED+action:name:org.deviceconnect.action.DELETE+action:name:org.deviceconnect.action.GET+action:name:org.deviceconnect.action.POST+action:name:org.deviceconnect.action.PUT+data:scheme:package
ADDED from src/main/AndroidManifest.xml:33:13-42:29
action#org.deviceconnect.action.GET
ADDED from src/main/AndroidManifest.xml:34:17-70
	android:name
		ADDED from src/main/AndroidManifest.xml:34:25-68
action#org.deviceconnect.action.PUT
ADDED from src/main/AndroidManifest.xml:35:17-70
	android:name
		ADDED from src/main/AndroidManifest.xml:35:25-68
action#org.deviceconnect.action.POST
ADDED from src/main/AndroidManifest.xml:36:17-71
	android:name
		ADDED from src/main/AndroidManifest.xml:36:25-69
action#org.deviceconnect.action.DELETE
ADDED from src/main/AndroidManifest.xml:37:17-73
	android:name
		ADDED from src/main/AndroidManifest.xml:37:25-71
action#android.intent.action.PACKAGE_FULLY_REMOVED
ADDED from src/main/AndroidManifest.xml:40:17-85
	android:name
		ADDED from src/main/AndroidManifest.xml:40:25-83
data
ADDED from src/main/AndroidManifest.xml:41:17-49
	android:scheme
		ADDED from src/main/AndroidManifest.xml:41:23-47
activity#org.deviceconnect.android.deviceplugin.robotarm.MySettingActivity
ADDED from src/main/AndroidManifest.xml:46:9-52:20
	android:name
		ADDED from src/main/AndroidManifest.xml:46:19-52
uses-sdk
INJECTED from src/main/AndroidManifest.xml reason: use-sdk injection requested
INJECTED from src/main/AndroidManifest.xml
INJECTED from src/main/AndroidManifest.xml
MERGED from [org.deviceconnect:dconnect-device-plugin-sdk:2.5.2] AndroidManifest.xml:7:5-9:41
MERGED from [org.deviceconnect:dconnect-device-plugin-sdk:2.5.2] AndroidManifest.xml:7:5-9:41
MERGED from [org.deviceconnect:dconnect-sdk-for-android:2.3.0] AndroidManifest.xml:5:5-7:41
MERGED from [org.deviceconnect:dconnect-sdk-for-android:2.3.0] AndroidManifest.xml:5:5-7:41
MERGED from [com.android.support:support-v4:26.1.0] AndroidManifest.xml:21:5-23:54
MERGED from [com.android.support:support-v4:26.1.0] AndroidManifest.xml:21:5-23:54
MERGED from [com.android.support:support-media-compat:26.1.0] AndroidManifest.xml:21:5-23:63
MERGED from [com.android.support:support-media-compat:26.1.0] AndroidManifest.xml:21:5-23:63
MERGED from [com.android.support:support-fragment:26.1.0] AndroidManifest.xml:21:5-23:60
MERGED from [com.android.support:support-fragment:26.1.0] AndroidManifest.xml:21:5-23:60
MERGED from [com.android.support:support-core-utils:26.1.0] AndroidManifest.xml:21:5-23:61
MERGED from [com.android.support:support-core-utils:26.1.0] AndroidManifest.xml:21:5-23:61
MERGED from [com.android.support:support-core-ui:26.1.0] AndroidManifest.xml:21:5-23:58
MERGED from [com.android.support:support-core-ui:26.1.0] AndroidManifest.xml:21:5-23:58
MERGED from [com.android.support:support-compat:26.1.0] AndroidManifest.xml:21:5-23:58
MERGED from [com.android.support:support-compat:26.1.0] AndroidManifest.xml:21:5-23:58
MERGED from [android.arch.lifecycle:runtime:1.0.0] AndroidManifest.xml:20:5-22:41
MERGED from [android.arch.lifecycle:runtime:1.0.0] AndroidManifest.xml:20:5-22:41
INJECTED from src/main/AndroidManifest.xml
INJECTED from src/main/AndroidManifest.xml
	tools:overrideLibrary
		ADDED from [com.android.support:support-v4:26.1.0] AndroidManifest.xml:23:9-51
	android:targetSdkVersion
		INJECTED from src/main/AndroidManifest.xml
		ADDED from src/main/AndroidManifest.xml
		INJECTED from src/main/AndroidManifest.xml
	android:minSdkVersion
		INJECTED from src/main/AndroidManifest.xml
		ADDED from src/main/AndroidManifest.xml
		INJECTED from src/main/AndroidManifest.xml
activity#org.deviceconnect.android.activity.IntentHandlerActivity
ADDED from [org.deviceconnect:dconnect-device-plugin-sdk:2.5.2] AndroidManifest.xml:14:9-17:56
	android:exported
		ADDED from [org.deviceconnect:dconnect-device-plugin-sdk:2.5.2] AndroidManifest.xml:16:13-37
	android:theme
		ADDED from [org.deviceconnect:dconnect-device-plugin-sdk:2.5.2] AndroidManifest.xml:17:13-53
	android:name
		ADDED from [org.deviceconnect:dconnect-device-plugin-sdk:2.5.2] AndroidManifest.xml:15:13-84
activity#org.deviceconnect.android.activity.PermissionRequestActivity
ADDED from [org.deviceconnect:dconnect-device-plugin-sdk:2.5.2] AndroidManifest.xml:18:9-21:63
	android:exported
		ADDED from [org.deviceconnect:dconnect-device-plugin-sdk:2.5.2] AndroidManifest.xml:20:13-37
	android:theme
		ADDED from [org.deviceconnect:dconnect-device-plugin-sdk:2.5.2] AndroidManifest.xml:21:13-60
	android:name
		ADDED from [org.deviceconnect:dconnect-device-plugin-sdk:2.5.2] AndroidManifest.xml:19:13-88
activity#org.deviceconnect.android.localoauth.activity.ConfirmAuthActivity
ADDED from [org.deviceconnect:dconnect-device-plugin-sdk:2.5.2] AndroidManifest.xml:24:9-27:40
	android:excludeFromRecents
		ADDED from [org.deviceconnect:dconnect-device-plugin-sdk:2.5.2] AndroidManifest.xml:26:13-46
	android:exported
		ADDED from [org.deviceconnect:dconnect-device-plugin-sdk:2.5.2] AndroidManifest.xml:27:13-37
	android:name
		ADDED from [org.deviceconnect:dconnect-device-plugin-sdk:2.5.2] AndroidManifest.xml:25:13-93
activity#org.deviceconnect.android.localoauth.activity.AccessTokenListActivity
ADDED from [org.deviceconnect:dconnect-device-plugin-sdk:2.5.2] AndroidManifest.xml:28:9-31:40
	android:excludeFromRecents
		ADDED from [org.deviceconnect:dconnect-device-plugin-sdk:2.5.2] AndroidManifest.xml:30:13-46
	android:exported
		ADDED from [org.deviceconnect:dconnect-device-plugin-sdk:2.5.2] AndroidManifest.xml:31:13-37
	android:name
		ADDED from [org.deviceconnect:dconnect-device-plugin-sdk:2.5.2] AndroidManifest.xml:29:13-97
meta-data#org.deviceconnect.android.deviceplugin.sdk
ADDED from [org.deviceconnect:dconnect-device-plugin-sdk:2.5.2] AndroidManifest.xml:33:9-35:49
	android:resource
		ADDED from [org.deviceconnect:dconnect-device-plugin-sdk:2.5.2] AndroidManifest.xml:35:13-46
	android:name
		ADDED from [org.deviceconnect:dconnect-device-plugin-sdk:2.5.2] AndroidManifest.xml:34:13-70
uses-permission#android.permission.INTERNET
ADDED from [org.deviceconnect:dconnect-sdk-for-android:2.3.0] AndroidManifest.xml:9:5-67
	android:name
		ADDED from [org.deviceconnect:dconnect-sdk-for-android:2.3.0] AndroidManifest.xml:9:22-64
receiver#org.deviceconnect.message.DConnectMessageReceiver
ADDED from [org.deviceconnect:dconnect-sdk-for-android:2.3.0] AndroidManifest.xml:12:9-15:20
	android:exported
		ADDED from [org.deviceconnect:dconnect-sdk-for-android:2.3.0] AndroidManifest.xml:14:13-36
	android:name
		ADDED from [org.deviceconnect:dconnect-sdk-for-android:2.3.0] AndroidManifest.xml:13:13-77
meta-data#android.support.VERSION
ADDED from [com.android.support:support-v4:26.1.0] AndroidManifest.xml:26:9-28:38
MERGED from [com.android.support:support-media-compat:26.1.0] AndroidManifest.xml:26:9-28:38
MERGED from [com.android.support:support-media-compat:26.1.0] AndroidManifest.xml:26:9-28:38
MERGED from [com.android.support:support-fragment:26.1.0] AndroidManifest.xml:26:9-28:38
MERGED from [com.android.support:support-fragment:26.1.0] AndroidManifest.xml:26:9-28:38
MERGED from [com.android.support:support-core-utils:26.1.0] AndroidManifest.xml:26:9-28:38
MERGED from [com.android.support:support-core-utils:26.1.0] AndroidManifest.xml:26:9-28:38
MERGED from [com.android.support:support-core-ui:26.1.0] AndroidManifest.xml:26:9-28:38
MERGED from [com.android.support:support-core-ui:26.1.0] AndroidManifest.xml:26:9-28:38
MERGED from [com.android.support:support-compat:26.1.0] AndroidManifest.xml:26:9-28:38
MERGED from [com.android.support:support-compat:26.1.0] AndroidManifest.xml:26:9-28:38
	android:value
		ADDED from [com.android.support:support-v4:26.1.0] AndroidManifest.xml:28:13-35
	android:name
		ADDED from [com.android.support:support-v4:26.1.0] AndroidManifest.xml:27:13-51
meta-data#android.arch.lifecycle.VERSION
ADDED from [android.arch.lifecycle:runtime:1.0.0] AndroidManifest.xml:25:9-27:47
	android:value
		ADDED from [android.arch.lifecycle:runtime:1.0.0] AndroidManifest.xml:27:13-44
	android:name
		ADDED from [android.arch.lifecycle:runtime:1.0.0] AndroidManifest.xml:26:13-58